2019-05-03 16:42:26.199  INFO 10100 --- [main] com.assessment.asg.AsgApplication        : Starting AsgApplication on LAPTOP-O7FMBTTD with PID 10100 (started by Ryun in D:\Users\Ryun\Documents\University Work\Year 2\CM6223 Agile Methodologies\clientproject-team-7)
2019-05-03 16:42:26.208  INFO 10100 --- [main] com.assessment.asg.AsgApplication        : The following profiles are active: development
2019-05-03 16:42:28.816  INFO 10100 --- [main] o.s.b.w.embedded.tomcat.TomcatWebServer  : Tomcat initialized with port(s): 8443 (https)
2019-05-03 16:42:28.844  INFO 10100 --- [main] o.apache.catalina.core.StandardService   : Starting service [Tomcat]
2019-05-03 16:42:28.845  INFO 10100 --- [main] org.apache.catalina.core.StandardEngine  : Starting Servlet Engine: Apache Tomcat/9.0.12
2019-05-03 16:42:28.858  INFO 10100 --- [main] o.a.catalina.core.AprLifecycleListener   : The APR based Apache Tomcat Native library which allows optimal performance in production environments was not found on the java.library.path: [C:\Program Files\Java\jdk-11.0.2\bin;C:\WINDOWS\Sun\Java\bin;C:\WINDOWS\system32;C:\WINDOWS;C:\Program Files\Java\jdk-11.0.2\bin;c:\program files (x86)\intel\icls client\;c:\program files\intel\icls client\;c:\windows\system32;c:\windows;c:\windows\system32\wbem;c:\windows\system32\windowspowershell\v1.0\;c:\program files (x86)\intel\intel(r) management engine components\dal;c:\program files\intel\intel(r) management engine components\dal;c:\program files (x86)\intel\intel(r) management engine components\ipt;c:\program files\intel\intel(r) management engine components\ipt;C:\Program Files (x86)\NVIDIA Corporation\PhysX\Common;C:\WINDOWS\system32;C:\WINDOWS;C:\WINDOWS\System32\Wbem;C:\WINDOWS\System32\WindowsPowerShell\v1.0\;C:\WINDOWS\System32\OpenSSH\;D:\Program Files (x86)\NoteBook FanControl\;C:\Program Files (x86)\NoteBook FanControl\;C:\Users\Ryun\AppData\Local\Microsoft\WindowsApps;C:\Users\Ryun\AppData\Roaming\Dashlane\4.8.8.36676\bin\Firefox_Extension\{442718d9-475e-452a-b3e1-fb1ee16b8e9f}\components;C:\Users\Ryun\AppData\Roaming\Dashlane\4.8.8.36676\ucrt;C:\Users\Ryun\AppData\Local\atom\bin;C:\Users\Ryun\AppData\Local\Microsoft\WindowsApps;C:\Users\Ryun\AppData\Roaming\Dashlane\6.1843.0.14402\bin\Firefox_Extension\{442718d9-475e-452a-b3e1-fb1ee16b8e9f}\components;C:\Users\Ryun\AppData\Roaming\Dashlane\6.1843.0.14402\ucrt;C:\Users\Ryun\AppData\Roaming\Dashlane\6.1843.0.14402\bin\Qt;C:\Users\Ryun\AppData\Roaming\Dashlane\6.1843.0.14402\ucrt;C:\Users\Ryun\AppData\Roaming\Dashlane\6.1843.0.14402\bin\Ssl;C:\Users\Ryun\AppData\Local\Programs\Microsoft VS Code\bin;;.]
2019-05-03 16:42:28.992  INFO 10100 --- [main] o.a.c.c.C.[Tomcat].[localhost].[/]       : Initializing Spring embedded WebApplicationContext
2019-05-03 16:42:28.992  INFO 10100 --- [main] o.s.web.context.ContextLoader            : Root WebApplicationContext: initialization completed in 2729 ms
2019-05-03 16:42:29.037  INFO 10100 --- [main] o.s.b.w.servlet.FilterRegistrationBean   : Mapping filter: 'characterEncodingFilter' to: [/*]
2019-05-03 16:42:29.038  INFO 10100 --- [main] o.s.b.w.servlet.FilterRegistrationBean   : Mapping filter: 'hiddenHttpMethodFilter' to: [/*]
2019-05-03 16:42:29.038  INFO 10100 --- [main] o.s.b.w.servlet.FilterRegistrationBean   : Mapping filter: 'formContentFilter' to: [/*]
2019-05-03 16:42:29.039  INFO 10100 --- [main] o.s.b.w.servlet.FilterRegistrationBean   : Mapping filter: 'requestContextFilter' to: [/*]
2019-05-03 16:42:29.039  INFO 10100 --- [main] .s.DelegatingFilterProxyRegistrationBean : Mapping filter: 'springSecurityFilterChain' to: [/*]
2019-05-03 16:42:29.039  INFO 10100 --- [main] o.s.b.w.servlet.ServletRegistrationBean  : Servlet dispatcherServlet mapped to [/]
2019-05-03 16:42:29.204  INFO 10100 --- [main] o.f.c.internal.license.VersionPrinter    : Flyway Community Edition 5.2.1 by Boxfuse
2019-05-03 16:42:29.211  INFO 10100 --- [main] com.zaxxer.hikari.HikariDataSource       : HikariPool-1 - Starting...
2019-05-03 16:42:29.597  INFO 10100 --- [main] com.zaxxer.hikari.HikariDataSource       : HikariPool-1 - Start completed.
2019-05-03 16:42:29.601  INFO 10100 --- [main] o.f.c.internal.database.DatabaseFactory  : Database: jdbc:mysql://localhost:3306/asg (MySQL 8.0)
2019-05-03 16:42:29.751  INFO 10100 --- [main] o.f.core.internal.command.DbValidate     : Successfully validated 6 migrations (execution time 00:00.083s)
2019-05-03 16:42:29.767  INFO 10100 --- [main] o.f.core.internal.command.DbMigrate      : Current version of schema `asg`: 5
2019-05-03 16:42:29.768  INFO 10100 --- [main] o.f.core.internal.command.DbMigrate      : Schema `asg` is up to date. No migration necessary.
2019-05-03 16:42:30.234  INFO 10100 --- [main] o.s.s.web.DefaultSecurityFilterChain     : Creating filter chain: any request, [org.springframework.security.web.context.request.async.WebAsyncManagerIntegrationFilter@71531dd7, org.springframework.security.web.context.SecurityContextPersistenceFilter@451e2fa9, org.springframework.security.web.header.HeaderWriterFilter@430df350, org.springframework.security.web.authentication.logout.LogoutFilter@5a30722c, org.springframework.security.web.authentication.UsernamePasswordAuthenticationFilter@559991f5, org.springframework.security.web.savedrequest.RequestCacheAwareFilter@3cb6e0ee, org.springframework.security.web.servletapi.SecurityContextHolderAwareRequestFilter@2d130ac4, org.springframework.security.web.authentication.AnonymousAuthenticationFilter@20256a0b, org.springframework.security.web.session.SessionManagementFilter@175c5c3a, org.springframework.security.web.access.ExceptionTranslationFilter@571a663c, org.springframework.security.web.access.intercept.FilterSecurityInterceptor@1c84d80a]
2019-05-03 16:42:30.384  INFO 10100 --- [main] o.s.s.concurrent.ThreadPoolTaskExecutor  : Initializing ExecutorService 'applicationTaskExecutor'
2019-05-03 16:42:31.131  INFO 10100 --- [main] o.s.b.w.embedded.tomcat.TomcatWebServer  : Tomcat started on port(s): 8443 (https) with context path ''
2019-05-03 16:42:31.134  INFO 10100 --- [main] com.assessment.asg.AsgApplication        : Started AsgApplication in 5.459 seconds (JVM running for 6.385)
2019-05-03 16:42:52.800  INFO 10100 --- [https-jsse-nio-8443-exec-4] o.a.c.c.C.[Tomcat].[localhost].[/]       : Initializing Spring DispatcherServlet 'dispatcherServlet'
2019-05-03 16:42:52.801  INFO 10100 --- [https-jsse-nio-8443-exec-4] o.s.web.servlet.DispatcherServlet        : Initializing Servlet 'dispatcherServlet'
2019-05-03 16:42:52.814  INFO 10100 --- [https-jsse-nio-8443-exec-4] o.s.web.servlet.DispatcherServlet        : Completed initialization in 13 ms
2019-05-03 16:42:53.206  WARN 10100 --- [https-jsse-nio-8443-exec-4] o.a.c.util.SessionIdGeneratorBase        : Creation of SecureRandom instance for session ID generation using [SHA1PRNG] took [343] milliseconds.
